<?xml version="1.0" encoding="UTF-8"?>
<!-- Generated by org.testng.reporters.JUnitReportReporter -->
<testsuite hostname="gemini" failures="0" tests="2" name="com.attachee.tests.LoginTest" time="9.878" errors="0" timestamp="2025-07-28T10:14:04 EAT" skipped="0">
  <testcase classname="com.attachee.tests.LoginTest" name="testValidLogin" time="3.004"/>
  <testcase classname="com.attachee.tests.LoginTest" name="navigateSideButtons" time="6.874"/>
</testsuite> <!-- com.attachee.tests.LoginTest -->
