<?xml version="1.0" encoding="UTF-8"?>
<!-- Generated by org.testng.reporters.JUnitReportReporter -->
<testsuite hostname="fedora" failures="0" tests="2" name="com.attachee.tests.LoginTest" time="12.826" errors="0" timestamp="2025-07-30T08:16:29 EAT" skipped="0">
  <testcase classname="com.attachee.tests.LoginTest" name="testValidLogin" time="3.748"/>
  <testcase classname="com.attachee.tests.LoginTest" name="navigateSideButtons" time="9.078"/>
</testsuite> <!-- com.attachee.tests.LoginTest -->
