<?xml version="1.0" encoding="UTF-8"?>
<!-- Generated by org.testng.reporters.JUnitReportReporter -->
<testsuite hostname="fedora" failures="0" tests="1" name="com.attachee.AppTest" time="0.004" errors="0" timestamp="2025-07-30T08:16:29 EAT" skipped="0">
  <testcase classname="com.attachee.AppTest" name="testApp" time="0.004"/>
</testsuite> <!-- com.attachee.AppTest -->
