<?xml version="1.0" encoding="UTF-8"?>
<!-- Generated by org.testng.reporters.JUnitReportReporter -->
<testsuite hostname="gemini" failures="0" tests="1" name="com.attachee.AppTest" time="0.001" errors="0" timestamp="2025-07-28T10:14:04 EAT" skipped="0">
  <testcase classname="com.attachee.AppTest" name="testApp" time="0.001"/>
</testsuite> <!-- com.attachee.AppTest -->
