<?xml version="1.0" encoding="UTF-8"?>
<!-- Generated by org.testng.reporters.JUnitReportReporter -->
<testsuite hostname="fedora" failures="0" tests="1" name="com.attachee.tests.AccessMaintainersTest" time="25.111" errors="0" timestamp="2025-07-30T12:01:05 EAT" skipped="0">
  <testcase classname="com.attachee.tests.AccessMaintainersTest" name="navigateSideButtons" time="25.111"/>
</testsuite> <!-- com.attachee.tests.AccessMaintainersTest -->
